[0723/153810.864:ERROR:process_memory_win.cc(73)] ReadMemory at 0x1e0000 of 64 bytes failed: 仅完成部分的 ReadProcessMemory 或 WriteProcessMemory 请求。 (0x12B)
[0723/153810.866:WARNING:pe_image_reader.cc(340)] could not read dos header from C:\Program Files (x86)\Google\Chrome\Application\chrome.exe
[0723/153810.867:ERROR:process_memory_win.cc(73)] ReadMemory at 0x4b6b1e8 of 44 bytes failed: 仅完成部分的 ReadProcessMemory 或 WriteProcessMemory 请求。 (0x12B)
[0723/153810.868:WARNING:pe_image_annotations_reader.cc(134)] could not read annotations list object in C:\Program Files (x86)\Google\Chrome\Application\75.0.3770.142\chrome_elf.dll
[0723/153810.868:ERROR:process_memory_win.cc(73)] ReadMemory at 0x4ff8258 of 44 bytes failed: 仅完成部分的 ReadProcessMemory 或 WriteProcessMemory 请求。 (0x12B)
[0723/153810.868:WARNING:pe_image_annotations_reader.cc(134)] could not read annotations list object in C:\Program Files (x86)\Google\Chrome\Application\75.0.3770.142\chrome_child.dll
[0723/153810.929:ERROR:process_memory_win.cc(73)] ReadMemory at 0x46f5000 of 45056 bytes failed: 仅完成部分的 ReadProcessMemory 或 WriteProcessMemory 请求。 (0x12B)
[0723/153810.929:ERROR:process_memory_win.cc(73)] ReadMemory at 0x6f0e000 of 8192 bytes failed: 仅完成部分的 ReadProcessMemory 或 WriteProcessMemory 请求。 (0x12B)
[0723/153810.929:ERROR:process_memory_win.cc(73)] ReadMemory at 0x718e000 of 8192 bytes failed: 仅完成部分的 ReadProcessMemory 或 WriteProcessMemory 请求。 (0x12B)
[0723/153810.929:ERROR:process_memory_win.cc(73)] ReadMemory at 0x72ce000 of 8192 bytes failed: 仅完成部分的 ReadProcessMemory 或 WriteProcessMemory 请求。 (0x12B)
[0723/153810.929:ERROR:process_memory_win.cc(73)] ReadMemory at 0x740f000 of 4096 bytes failed: 仅完成部分的 ReadProcessMemory 或 WriteProcessMemory 请求。 (0x12B)
[0723/153810.929:ERROR:process_memory_win.cc(73)] ReadMemory at 0x754e000 of 8192 bytes failed: 仅完成部分的 ReadProcessMemory 或 WriteProcessMemory 请求。 (0x12B)
[0723/153810.929:ERROR:process_memory_win.cc(73)] ReadMemory at 0x78fd000 of 12288 bytes failed: 仅完成部分的 ReadProcessMemory 或 WriteProcessMemory 请求。 (0x12B)
[0723/153810.930:ERROR:process_memory_win.cc(73)] ReadMemory at 0x8377000 of 36864 bytes failed: 仅完成部分的 ReadProcessMemory 或 WriteProcessMemory 请求。 (0x12B)
[0723/153810.930:ERROR:process_memory_win.cc(73)] ReadMemory at 0x84b8000 of 32768 bytes failed: 仅完成部分的 ReadProcessMemory 或 WriteProcessMemory 请求。 (0x12B)
[0723/153810.930:ERROR:process_memory_win.cc(73)] ReadMemory at 0x85f7000 of 36864 bytes failed: 仅完成部分的 ReadProcessMemory 或 WriteProcessMemory 请求。 (0x12B)
[0723/153810.930:ERROR:process_memory_win.cc(73)] ReadMemory at 0x8738000 of 32768 bytes failed: 仅完成部分的 ReadProcessMemory 或 WriteProcessMemory 请求。 (0x12B)
[0723/153810.931:ERROR:process_memory_win.cc(73)] ReadMemory at 0x8a7e000 of 8192 bytes failed: 仅完成部分的 ReadProcessMemory 或 WriteProcessMemory 请求。 (0x12B)
[0723/153810.931:ERROR:process_memory_win.cc(73)] ReadMemory at 0x704e000 of 8192 bytes failed: 仅完成部分的 ReadProcessMemory 或 WriteProcessMemory 请求。 (0x12B)
[0723/153810.931:ERROR:process_memory_win.cc(73)] ReadMemory at 0xabca000 of 24576 bytes failed: 仅完成部分的 ReadProcessMemory 或 WriteProcessMemory 请求。 (0x12B)
[0723/153810.931:ERROR:process_memory_win.cc(73)] ReadMemory at 0x8c8d000 of 12288 bytes failed: 仅完成部分的 ReadProcessMemory 或 WriteProcessMemory 请求。 (0x12B)
[0723/153810.931:ERROR:process_memory_win.cc(73)] ReadMemory at 0x97ce000 of 8192 bytes failed: 仅完成部分的 ReadProcessMemory 或 WriteProcessMemory 请求。 (0x12B)
[0723/153810.931:ERROR:process_memory_win.cc(73)] ReadMemory at 0x98ce000 of 8192 bytes failed: 仅完成部分的 ReadProcessMemory 或 WriteProcessMemory 请求。 (0x12B)
[0723/153810.931:ERROR:process_memory_win.cc(73)] ReadMemory at 0xaace000 of 8192 bytes failed: 仅完成部分的 ReadProcessMemory 或 WriteProcessMemory 请求。 (0x12B)
[0723/153810.931:ERROR:process_memory_win.cc(73)] ReadMemory at 0xddae000 of 8192 bytes failed: 仅完成部分的 ReadProcessMemory 或 WriteProcessMemory 请求。 (0x12B)
[0723/153810.931:ERROR:process_memory_win.cc(73)] ReadMemory at 0xdeae000 of 8192 bytes failed: 仅完成部分的 ReadProcessMemory 或 WriteProcessMemory 请求。 (0x12B)
[0723/153810.932:ERROR:process_memory_win.cc(73)] ReadMemory at 0x4558000 of 3992 bytes failed: 仅完成部分的 ReadProcessMemory 或 WriteProcessMemory 请求。 (0x12B)
[0723/153810.932:ERROR:process_memory_win.cc(73)] ReadMemory at 0x4561000 of 3992 bytes failed: 仅完成部分的 ReadProcessMemory 或 WriteProcessMemory 请求。 (0x12B)
[0723/153810.932:ERROR:process_memory_win.cc(73)] ReadMemory at 0x4564000 of 3992 bytes failed: 仅完成部分的 ReadProcessMemory 或 WriteProcessMemory 请求。 (0x12B)
[0723/153810.932:ERROR:process_memory_win.cc(73)] ReadMemory at 0x4567000 of 3992 bytes failed: 仅完成部分的 ReadProcessMemory 或 WriteProcessMemory 请求。 (0x12B)
[0723/153810.932:ERROR:process_memory_win.cc(73)] ReadMemory at 0x456a000 of 3992 bytes failed: 仅完成部分的 ReadProcessMemory 或 WriteProcessMemory 请求。 (0x12B)
[0723/153810.932:ERROR:process_memory_win.cc(73)] ReadMemory at 0x456d000 of 3992 bytes failed: 仅完成部分的 ReadProcessMemory 或 WriteProcessMemory 请求。 (0x12B)
[0723/153810.932:ERROR:process_memory_win.cc(73)] ReadMemory at 0x4570000 of 3992 bytes failed: 仅完成部分的 ReadProcessMemory 或 WriteProcessMemory 请求。 (0x12B)
[0723/153810.932:ERROR:process_memory_win.cc(73)] ReadMemory at 0x4587000 of 560 bytes failed: 仅完成部分的 ReadProcessMemory 或 WriteProcessMemory 请求。 (0x12B)
[0723/153810.932:ERROR:process_memory_win.cc(73)] ReadMemory at 0x458a000 of 3992 bytes failed: 仅完成部分的 ReadProcessMemory 或 WriteProcessMemory 请求。 (0x12B)
[0723/153810.933:ERROR:process_memory_win.cc(73)] ReadMemory at 0x4590000 of 3992 bytes failed: 仅完成部分的 ReadProcessMemory 或 WriteProcessMemory 请求。 (0x12B)
[0723/153810.933:ERROR:process_memory_win.cc(73)] ReadMemory at 0x4596000 of 3992 bytes failed: 仅完成部分的 ReadProcessMemory 或 WriteProcessMemory 请求。 (0x12B)
[0723/153810.933:ERROR:process_memory_win.cc(73)] ReadMemory at 0x4599000 of 3992 bytes failed: 仅完成部分的 ReadProcessMemory 或 WriteProcessMemory 请求。 (0x12B)
[0723/153810.933:ERROR:process_memory_win.cc(73)] ReadMemory at 0x459c000 of 3992 bytes failed: 仅完成部分的 ReadProcessMemory 或 WriteProcessMemory 请求。 (0x12B)
[0723/153810.933:ERROR:process_memory_win.cc(73)] ReadMemory at 0x459f000 of 3992 bytes failed: 仅完成部分的 ReadProcessMemory 或 WriteProcessMemory 请求。 (0x12B)
[0723/153810.933:ERROR:process_memory_win.cc(73)] ReadMemory at 0x45a2000 of 3992 bytes failed: 仅完成部分的 ReadProcessMemory 或 WriteProcessMemory 请求。 (0x12B)
[0723/153810.933:ERROR:process_memory_win.cc(73)] ReadMemory at 0x45a8000 of 3992 bytes failed: 仅完成部分的 ReadProcessMemory 或 WriteProcessMemory 请求。 (0x12B)
[0723/153810.934:ERROR:process_memory_win.cc(73)] ReadMemory at 0x45ab000 of 3992 bytes failed: 仅完成部分的 ReadProcessMemory 或 WriteProcessMemory 请求。 (0x12B)
[0723/153810.934:ERROR:process_memory_win.cc(73)] ReadMemory at 0x45ae000 of 3992 bytes failed: 仅完成部分的 ReadProcessMemory 或 WriteProcessMemory 请求。 (0x12B)
[0723/153810.934:ERROR:process_memory_win.cc(73)] ReadMemory at 0x45b1000 of 3992 bytes failed: 仅完成部分的 ReadProcessMemory 或 WriteProcessMemory 请求。 (0x12B)
[0723/153810.934:ERROR:process_memory_win.cc(73)] ReadMemory at 0x45b4000 of 3992 bytes failed: 仅完成部分的 ReadProcessMemory 或 WriteProcessMemory 请求。 (0x12B)
[0723/153810.934:ERROR:process_memory_win.cc(73)] ReadMemory at 0x45c9000 of 3992 bytes failed: 仅完成部分的 ReadProcessMemory 或 WriteProcessMemory 请求。 (0x12B)
[0723/153810.934:ERROR:process_memory_win.cc(73)] ReadMemory at 0x4750ae0 of 18378 bytes failed: 仅完成部分的 ReadProcessMemory 或 WriteProcessMemory 请求。 (0x12B)
[0723/153810.934:ERROR:process_memory_win.cc(73)] ReadMemory at 0x47552b8 of 660 bytes failed: 仅完成部分的 ReadProcessMemory 或 WriteProcessMemory 请求。 (0x12B)
[0723/153810.934:ERROR:process_memory_win.cc(73)] ReadMemory at 0x4755764 of 118 bytes failed: 仅完成部分的 ReadProcessMemory 或 WriteProcessMemory 请求。 (0x12B)
[0723/153810.934:ERROR:process_memory_win.cc(73)] ReadMemory at 0x47557dc of 966 bytes failed: 仅完成部分的 ReadProcessMemory 或 WriteProcessMemory 请求。 (0x12B)
[0723/153810.934:ERROR:process_memory_win.cc(73)] ReadMemory at 0x4755ba4 of 118 bytes failed: 仅完成部分的 ReadProcessMemory 或 WriteProcessMemory 请求。 (0x12B)
[0723/153810.935:ERROR:process_memory_win.cc(73)] ReadMemory at 0x4755c1c of 98 bytes failed: 仅完成部分的 ReadProcessMemory 或 WriteProcessMemory 请求。 (0x12B)
[0723/153810.935:ERROR:process_memory_win.cc(73)] ReadMemory at 0x475a458 of 58 bytes failed: 仅完成部分的 ReadProcessMemory 或 WriteProcessMemory 请求。 (0x12B)
[0723/153810.935:ERROR:process_memory_win.cc(73)] ReadMemory at 0x475a548 of 72 bytes failed: 仅完成部分的 ReadProcessMemory 或 WriteProcessMemory 请求。 (0x12B)
[0723/153810.935:ERROR:process_memory_win.cc(73)] ReadMemory at 0x475a630 of 72 bytes failed: 仅完成部分的 ReadProcessMemory 或 WriteProcessMemory 请求。 (0x12B)
[0723/153810.935:ERROR:process_memory_win.cc(73)] ReadMemory at 0x475a730 of 126 bytes failed: 仅完成部分的 ReadProcessMemory 或 WriteProcessMemory 请求。 (0x12B)
[0723/153810.935:ERROR:process_memory_win.cc(73)] ReadMemory at 0x475aa60 of 72 bytes failed: 仅完成部分的 ReadProcessMemory 或 WriteProcessMemory 请求。 (0x12B)
[0723/153810.935:ERROR:process_memory_win.cc(73)] ReadMemory at 0x475ab48 of 64 bytes failed: 仅完成部分的 ReadProcessMemory 或 WriteProcessMemory 请求。 (0x12B)
[0723/153810.935:ERROR:process_memory_win.cc(73)] ReadMemory at 0x475ac30 of 72 bytes failed: 仅完成部分的 ReadProcessMemory 或 WriteProcessMemory 请求。 (0x12B)
[0723/153810.935:ERROR:process_memory_win.cc(73)] ReadMemory at 0x475adb8 of 72 bytes failed: 仅完成部分的 ReadProcessMemory 或 WriteProcessMemory 请求。 (0x12B)
[0723/153810.935:ERROR:process_memory_win.cc(73)] ReadMemory at 0x475aea0 of 68 bytes failed: 仅完成部分的 ReadProcessMemory 或 WriteProcessMemory 请求。 (0x12B)
[0723/153810.935:ERROR:process_memory_win.cc(73)] ReadMemory at 0x475b8c8 of 72 bytes failed: 仅完成部分的 ReadProcessMemory 或 WriteProcessMemory 请求。 (0x12B)
[0723/153810.935:ERROR:process_memory_win.cc(73)] ReadMemory at 0x475b978 of 62 bytes failed: 仅完成部分的 ReadProcessMemory 或 WriteProcessMemory 请求。 (0x12B)
[0723/153810.935:ERROR:process_memory_win.cc(73)] ReadMemory at 0x475bba0 of 72 bytes failed: 仅完成部分的 ReadProcessMemory 或 WriteProcessMemory 请求。 (0x12B)
[0723/153810.935:ERROR:process_memory_win.cc(73)] ReadMemory at 0x475bc88 of 60 bytes failed: 仅完成部分的 ReadProcessMemory 或 WriteProcessMemory 请求。 (0x12B)
[0723/153810.935:ERROR:process_memory_win.cc(73)] ReadMemory at 0x475bdf0 of 72 bytes failed: 仅完成部分的 ReadProcessMemory 或 WriteProcessMemory 请求。 (0x12B)
[0723/153810.935:ERROR:process_memory_win.cc(73)] ReadMemory at 0x475bed8 of 64 bytes failed: 仅完成部分的 ReadProcessMemory 或 WriteProcessMemory 请求。 (0x12B)
[0723/153810.935:ERROR:process_memory_win.cc(73)] ReadMemory at 0x475c078 of 72 bytes failed: 仅完成部分的 ReadProcessMemory 或 WriteProcessMemory 请求。 (0x12B)
[0723/153810.936:ERROR:process_memory_win.cc(73)] ReadMemory at 0x475c160 of 64 bytes failed: 仅完成部分的 ReadProcessMemory 或 WriteProcessMemory 请求。 (0x12B)
[0723/153810.936:ERROR:process_memory_win.cc(73)] ReadMemory at 0x475c2f0 of 72 bytes failed: 仅完成部分的 ReadProcessMemory 或 WriteProcessMemory 请求。 (0x12B)
[0723/153810.936:ERROR:process_memory_win.cc(73)] ReadMemory at 0x475c3d8 of 60 bytes failed: 仅完成部分的 ReadProcessMemory 或 WriteProcessMemory 请求。 (0x12B)
[0723/153810.936:ERROR:process_memory_win.cc(73)] ReadMemory at 0x475c5a8 of 72 bytes failed: 仅完成部分的 ReadProcessMemory 或 WriteProcessMemory 请求。 (0x12B)
[0723/153810.936:ERROR:process_memory_win.cc(73)] ReadMemory at 0x475c690 of 60 bytes failed: 仅完成部分的 ReadProcessMemory 或 WriteProcessMemory 请求。 (0x12B)
[0723/153810.936:ERROR:process_memory_win.cc(73)] ReadMemory at 0x475c800 of 72 bytes failed: 仅完成部分的 ReadProcessMemory 或 WriteProcessMemory 请求。 (0x12B)
[0723/153810.936:ERROR:process_memory_win.cc(73)] ReadMemory at 0x475c8e8 of 62 bytes failed: 仅完成部分的 ReadProcessMemory 或 WriteProcessMemory 请求。 (0x12B)
[0723/153810.936:ERROR:process_memory_win.cc(73)] ReadMemory at 0x475ca48 of 72 bytes failed: 仅完成部分的 ReadProcessMemory 或 WriteProcessMemory 请求。 (0x12B)
[0723/153810.936:ERROR:process_memory_win.cc(73)] ReadMemory at 0x475cb30 of 66 bytes failed: 仅完成部分的 ReadProcessMemory 或 WriteProcessMemory 请求。 (0x12B)
[0723/153810.936:ERROR:process_memory_win.cc(73)] ReadMemory at 0x475cc60 of 72 bytes failed: 仅完成部分的 ReadProcessMemory 或 WriteProcessMemory 请求。 (0x12B)
[0723/153810.936:ERROR:process_memory_win.cc(73)] ReadMemory at 0x475cd48 of 80 bytes failed: 仅完成部分的 ReadProcessMemory 或 WriteProcessMemory 请求。 (0x12B)
[0723/153810.936:ERROR:process_memory_win.cc(73)] ReadMemory at 0x475fd10 of 72 bytes failed: 仅完成部分的 ReadProcessMemory 或 WriteProcessMemory 请求。 (0x12B)
[0723/153810.936:ERROR:process_memory_win.cc(73)] ReadMemory at 0x475fdc0 of 62 bytes failed: 仅完成部分的 ReadProcessMemory 或 WriteProcessMemory 请求。 (0x12B)
[0723/153810.936:ERROR:process_memory_win.cc(73)] ReadMemory at 0x475fe08 of 80 bytes failed: 仅完成部分的 ReadProcessMemory 或 WriteProcessMemory 请求。 (0x12B)
[0723/153810.936:ERROR:process_memory_win.cc(73)] ReadMemory at 0x4760520 of 72 bytes failed: 仅完成部分的 ReadProcessMemory 或 WriteProcessMemory 请求。 (0x12B)
[0723/153810.936:ERROR:process_memory_win.cc(73)] ReadMemory at 0x47609d8 of 62 bytes failed: 仅完成部分的 ReadProcessMemory 或 WriteProcessMemory 请求。 (0x12B)
[0723/153810.937:ERROR:process_memory_win.cc(73)] ReadMemory at 0x4760bb8 of 72 bytes failed: 仅完成部分的 ReadProcessMemory 或 WriteProcessMemory 请求。 (0x12B)
[0723/153810.937:ERROR:process_memory_win.cc(73)] ReadMemory at 0x4760c68 of 78 bytes failed: 仅完成部分的 ReadProcessMemory 或 WriteProcessMemory 请求。 (0x12B)
[0723/153810.937:ERROR:process_memory_win.cc(73)] ReadMemory at 0x4760ef0 of 72 bytes failed: 仅完成部分的 ReadProcessMemory 或 WriteProcessMemory 请求。 (0x12B)
[0723/153810.937:ERROR:process_memory_win.cc(73)] ReadMemory at 0x4760fa0 of 72 bytes failed: 仅完成部分的 ReadProcessMemory 或 WriteProcessMemory 请求。 (0x12B)
[0723/153810.937:ERROR:process_memory_win.cc(73)] ReadMemory at 0x4761050 of 72 bytes failed: 仅完成部分的 ReadProcessMemory 或 WriteProcessMemory 请求。 (0x12B)
[0723/153810.937:ERROR:process_memory_win.cc(73)] ReadMemory at 0x4761100 of 72 bytes failed: 仅完成部分的 ReadProcessMemory 或 WriteProcessMemory 请求。 (0x12B)
[0723/153810.937:ERROR:process_memory_win.cc(73)] ReadMemory at 0x4761260 of 72 bytes failed: 仅完成部分的 ReadProcessMemory 或 WriteProcessMemory 请求。 (0x12B)
[0723/153810.937:ERROR:process_memory_win.cc(73)] ReadMemory at 0x4761310 of 72 bytes failed: 仅完成部分的 ReadProcessMemory 或 WriteProcessMemory 请求。 (0x12B)
[0723/153810.937:ERROR:process_memory_win.cc(73)] ReadMemory at 0x47613c0 of 72 bytes failed: 仅完成部分的 ReadProcessMemory 或 WriteProcessMemory 请求。 (0x12B)
[0723/153810.937:ERROR:process_memory_win.cc(73)] ReadMemory at 0x4761470 of 72 bytes failed: 仅完成部分的 ReadProcessMemory 或 WriteProcessMemory 请求。 (0x12B)
[0723/153810.937:ERROR:process_memory_win.cc(73)] ReadMemory at 0x4761520 of 72 bytes failed: 仅完成部分的 ReadProcessMemory 或 WriteProcessMemory 请求。 (0x12B)
[0723/153810.937:ERROR:process_memory_win.cc(73)] ReadMemory at 0x47615d0 of 72 bytes failed: 仅完成部分的 ReadProcessMemory 或 WriteProcessMemory 请求。 (0x12B)
[0723/153810.937:ERROR:process_memory_win.cc(73)] ReadMemory at 0x4761680 of 72 bytes failed: 仅完成部分的 ReadProcessMemory 或 WriteProcessMemory 请求。 (0x12B)
[0723/153810.937:ERROR:process_memory_win.cc(73)] ReadMemory at 0x4761730 of 72 bytes failed: 仅完成部分的 ReadProcessMemory 或 WriteProcessMemory 请求。 (0x12B)
[0723/153810.937:ERROR:process_memory_win.cc(73)] ReadMemory at 0x47617e0 of 72 bytes failed: 仅完成部分的 ReadProcessMemory 或 WriteProcessMemory 请求。 (0x12B)
[0723/153810.937:ERROR:process_memory_win.cc(73)] ReadMemory at 0x4761890 of 72 bytes failed: 仅完成部分的 ReadProcessMemory 或 WriteProcessMemory 请求。 (0x12B)
[0723/153810.938:ERROR:process_memory_win.cc(73)] ReadMemory at 0x4761940 of 72 bytes failed: 仅完成部分的 ReadProcessMemory 或 WriteProcessMemory 请求。 (0x12B)
[0723/153810.938:ERROR:process_memory_win.cc(73)] ReadMemory at 0x47619f0 of 72 bytes failed: 仅完成部分的 ReadProcessMemory 或 WriteProcessMemory 请求。 (0x12B)
[0723/153810.938:ERROR:process_memory_win.cc(73)] ReadMemory at 0x4761aa0 of 72 bytes failed: 仅完成部分的 ReadProcessMemory 或 WriteProcessMemory 请求。 (0x12B)
[0723/153810.938:ERROR:process_memory_win.cc(73)] ReadMemory at 0x4761b50 of 72 bytes failed: 仅完成部分的 ReadProcessMemory 或 WriteProcessMemory 请求。 (0x12B)
[0723/153810.938:ERROR:process_memory_win.cc(73)] ReadMemory at 0x4761c00 of 72 bytes failed: 仅完成部分的 ReadProcessMemory 或 WriteProcessMemory 请求。 (0x12B)
[0723/153810.938:ERROR:process_memory_win.cc(73)] ReadMemory at 0x4761cb0 of 72 bytes failed: 仅完成部分的 ReadProcessMemory 或 WriteProcessMemory 请求。 (0x12B)
[0723/153810.938:ERROR:process_memory_win.cc(73)] ReadMemory at 0x4761d60 of 72 bytes failed: 仅完成部分的 ReadProcessMemory 或 WriteProcessMemory 请求。 (0x12B)
[0723/153810.938:ERROR:process_memory_win.cc(73)] ReadMemory at 0x4761ed0 of 64 bytes failed: 仅完成部分的 ReadProcessMemory 或 WriteProcessMemory 请求。 (0x12B)
[0723/153810.938:ERROR:process_memory_win.cc(73)] ReadMemory at 0x4762068 of 62 bytes failed: 仅完成部分的 ReadProcessMemory 或 WriteProcessMemory 请求。 (0x12B)
[0723/153810.938:ERROR:process_memory_win.cc(73)] ReadMemory at 0x47621f8 of 58 bytes failed: 仅完成部分的 ReadProcessMemory 或 WriteProcessMemory 请求。 (0x12B)
[0723/153810.938:ERROR:process_memory_win.cc(73)] ReadMemory at 0x4762240 of 158 bytes failed: 仅完成部分的 ReadProcessMemory 或 WriteProcessMemory 请求。 (0x12B)
[0723/153810.938:ERROR:process_memory_win.cc(73)] ReadMemory at 0x47622f8 of 66 bytes failed: 仅完成部分的 ReadProcessMemory 或 WriteProcessMemory 请求。 (0x12B)
[0723/153810.938:ERROR:process_memory_win.cc(73)] ReadMemory at 0x47623d8 of 66 bytes failed: 仅完成部分的 ReadProcessMemory 或 WriteProcessMemory 请求。 (0x12B)
[0723/153810.938:ERROR:process_memory_win.cc(73)] ReadMemory at 0x4762930 of 60 bytes failed: 仅完成部分的 ReadProcessMemory 或 WriteProcessMemory 请求。 (0x12B)
[0723/153810.938:ERROR:process_memory_win.cc(73)] ReadMemory at 0x4762978 of 242 bytes failed: 仅完成部分的 ReadProcessMemory 或 WriteProcessMemory 请求。 (0x12B)
[0723/153810.938:ERROR:process_memory_win.cc(73)] ReadMemory at 0x4762aa8 of 60 bytes failed: 仅完成部分的 ReadProcessMemory 或 WriteProcessMemory 请求。 (0x12B)
[0723/153810.939:ERROR:process_memory_win.cc(73)] ReadMemory at 0x4762bb8 of 76 bytes failed: 仅完成部分的 ReadProcessMemory 或 WriteProcessMemory 请求。 (0x12B)
[0723/153810.939:ERROR:process_memory_win.cc(73)] ReadMemory at 0x4762cf0 of 62 bytes failed: 仅完成部分的 ReadProcessMemory 或 WriteProcessMemory 请求。 (0x12B)
[0723/153810.939:ERROR:process_memory_win.cc(73)] ReadMemory at 0x4762e60 of 64 bytes failed: 仅完成部分的 ReadProcessMemory 或 WriteProcessMemory 请求。 (0x12B)
[0723/153810.939:ERROR:process_memory_win.cc(73)] ReadMemory at 0x4762fb8 of 60 bytes failed: 仅完成部分的 ReadProcessMemory 或 WriteProcessMemory 请求。 (0x12B)
[0723/153810.939:ERROR:process_memory_win.cc(73)] ReadMemory at 0x47631f0 of 154 bytes failed: 仅完成部分的 ReadProcessMemory 或 WriteProcessMemory 请求。 (0x12B)
[0723/153810.939:ERROR:process_memory_win.cc(73)] ReadMemory at 0x4763ae8 of 58 bytes failed: 仅完成部分的 ReadProcessMemory 或 WriteProcessMemory 请求。 (0x12B)
[0723/153810.939:ERROR:process_memory_win.cc(73)] ReadMemory at 0x4763b30 of 62 bytes failed: 仅完成部分的 ReadProcessMemory 或 WriteProcessMemory 请求。 (0x12B)
[0723/153810.939:ERROR:process_memory_win.cc(73)] ReadMemory at 0x4763bc0 of 60 bytes failed: 仅完成部分的 ReadProcessMemory 或 WriteProcessMemory 请求。 (0x12B)
[0723/153810.939:ERROR:process_memory_win.cc(73)] ReadMemory at 0x4763c08 of 60 bytes failed: 仅完成部分的 ReadProcessMemory 或 WriteProcessMemory 请求。 (0x12B)
[0723/153810.939:ERROR:process_memory_win.cc(73)] ReadMemory at 0x4763c50 of 60 bytes failed: 仅完成部分的 ReadProcessMemory 或 WriteProcessMemory 请求。 (0x12B)
[0723/153810.939:ERROR:process_memory_win.cc(73)] ReadMemory at 0x4763d28 of 58 bytes failed: 仅完成部分的 ReadProcessMemory 或 WriteProcessMemory 请求。 (0x12B)
[0723/153810.939:ERROR:process_memory_win.cc(73)] ReadMemory at 0x4763e48 of 60 bytes failed: 仅完成部分的 ReadProcessMemory 或 WriteProcessMemory 请求。 (0x12B)
[0723/153810.939:ERROR:process_memory_win.cc(73)] ReadMemory at 0x4763e90 of 56 bytes failed: 仅完成部分的 ReadProcessMemory 或 WriteProcessMemory 请求。 (0x12B)
[0723/153810.939:ERROR:process_memory_win.cc(73)] ReadMemory at 0x4763ff8 of 62 bytes failed: 仅完成部分的 ReadProcessMemory 或 WriteProcessMemory 请求。 (0x12B)
[0723/153810.939:ERROR:process_memory_win.cc(73)] ReadMemory at 0x4764040 of 62 bytes failed: 仅完成部分的 ReadProcessMemory 或 WriteProcessMemory 请求。 (0x12B)
[0723/153810.939:ERROR:process_memory_win.cc(73)] ReadMemory at 0x47640d0 of 62 bytes failed: 仅完成部分的 ReadProcessMemory 或 WriteProcessMemory 请求。 (0x12B)
[0723/153810.939:ERROR:process_memory_win.cc(73)] ReadMemory at 0x4764160 of 58 bytes failed: 仅完成部分的 ReadProcessMemory 或 WriteProcessMemory 请求。 (0x12B)
[0723/153810.939:ERROR:process_memory_win.cc(73)] ReadMemory at 0x4765148 of 66 bytes failed: 仅完成部分的 ReadProcessMemory 或 WriteProcessMemory 请求。 (0x12B)
[0723/153810.940:ERROR:process_memory_win.cc(73)] ReadMemory at 0x476ec10 of 54 bytes failed: 仅完成部分的 ReadProcessMemory 或 WriteProcessMemory 请求。 (0x12B)
[0723/153810.940:ERROR:process_memory_win.cc(73)] ReadMemory at 0x4773018 of 64 bytes failed: 仅完成部分的 ReadProcessMemory 或 WriteProcessMemory 请求。 (0x12B)
[0723/153810.940:ERROR:process_memory_win.cc(73)] ReadMemory at 0x4773298 of 64 bytes failed: 仅完成部分的 ReadProcessMemory 或 WriteProcessMemory 请求。 (0x12B)
[0723/153810.940:ERROR:process_memory_win.cc(73)] ReadMemory at 0x4773338 of 64 bytes failed: 仅完成部分的 ReadProcessMemory 或 WriteProcessMemory 请求。 (0x12B)
[0723/153810.940:ERROR:process_memory_win.cc(73)] ReadMemory at 0x4773388 of 64 bytes failed: 仅完成部分的 ReadProcessMemory 或 WriteProcessMemory 请求。 (0x12B)
[0723/153810.940:ERROR:process_memory_win.cc(73)] ReadMemory at 0x47733d8 of 64 bytes failed: 仅完成部分的 ReadProcessMemory 或 WriteProcessMemory 请求。 (0x12B)
[0723/153810.941:ERROR:process_memory_win.cc(73)] ReadMemory at 0x4773478 of 64 bytes failed: 仅完成部分的 ReadProcessMemory 或 WriteProcessMemory 请求。 (0x12B)
[0723/153810.941:ERROR:process_memory_win.cc(73)] ReadMemory at 0x47734c8 of 64 bytes failed: 仅完成部分的 ReadProcessMemory 或 WriteProcessMemory 请求。 (0x12B)
[0723/153810.941:ERROR:process_memory_win.cc(73)] ReadMemory at 0x4773748 of 64 bytes failed: 仅完成部分的 ReadProcessMemory 或 WriteProcessMemory 请求。 (0x12B)
[0723/153810.941:ERROR:process_memory_win.cc(73)] ReadMemory at 0x4774528 of 72 bytes failed: 仅完成部分的 ReadProcessMemory 或 WriteProcessMemory 请求。 (0x12B)
[0723/153810.941:ERROR:process_memory_win.cc(73)] ReadMemory at 0x47745d8 of 72 bytes failed: 仅完成部分的 ReadProcessMemory 或 WriteProcessMemory 请求。 (0x12B)
[0723/153810.941:ERROR:process_memory_win.cc(73)] ReadMemory at 0x4774688 of 72 bytes failed: 仅完成部分的 ReadProcessMemory 或 WriteProcessMemory 请求。 (0x12B)
[0723/153810.941:ERROR:process_memory_win.cc(73)] ReadMemory at 0x47747e8 of 72 bytes failed: 仅完成部分的 ReadProcessMemory 或 WriteProcessMemory 请求。 (0x12B)
[0723/153810.942:ERROR:process_memory_win.cc(73)] ReadMemory at 0x4774aa8 of 72 bytes failed: 仅完成部分的 ReadProcessMemory 或 WriteProcessMemory 请求。 (0x12B)
[0723/153810.942:ERROR:process_memory_win.cc(73)] ReadMemory at 0x4774b58 of 72 bytes failed: 仅完成部分的 ReadProcessMemory 或 WriteProcessMemory 请求。 (0x12B)
[0723/153810.942:ERROR:process_memory_win.cc(73)] ReadMemory at 0x47750d8 of 72 bytes failed: 仅完成部分的 ReadProcessMemory 或 WriteProcessMemory 请求。 (0x12B)
[0723/153810.942:ERROR:process_memory_win.cc(73)] ReadMemory at 0x4775188 of 72 bytes failed: 仅完成部分的 ReadProcessMemory 或 WriteProcessMemory 请求。 (0x12B)
[0723/153810.942:ERROR:process_memory_win.cc(73)] ReadMemory at 0x47754f8 of 72 bytes failed: 仅完成部分的 ReadProcessMemory 或 WriteProcessMemory 请求。 (0x12B)
[0723/153810.942:ERROR:process_memory_win.cc(73)] ReadMemory at 0x47755a8 of 72 bytes failed: 仅完成部分的 ReadProcessMemory 或 WriteProcessMemory 请求。 (0x12B)
[0723/153810.942:ERROR:process_memory_win.cc(73)] ReadMemory at 0x4775658 of 72 bytes failed: 仅完成部分的 ReadProcessMemory 或 WriteProcessMemory 请求。 (0x12B)
[0723/153810.942:ERROR:process_memory_win.cc(73)] ReadMemory at 0x4775708 of 72 bytes failed: 仅完成部分的 ReadProcessMemory 或 WriteProcessMemory 请求。 (0x12B)
[0723/153810.942:ERROR:process_memory_win.cc(73)] ReadMemory at 0x47757b8 of 72 bytes failed: 仅完成部分的 ReadProcessMemory 或 WriteProcessMemory 请求。 (0x12B)
[0723/153810.943:ERROR:process_memory_win.cc(73)] ReadMemory at 0x4775868 of 72 bytes failed: 仅完成部分的 ReadProcessMemory 或 WriteProcessMemory 请求。 (0x12B)
[0723/153810.943:ERROR:process_memory_win.cc(73)] ReadMemory at 0x4775918 of 72 bytes failed: 仅完成部分的 ReadProcessMemory 或 WriteProcessMemory 请求。 (0x12B)
[0723/153810.943:ERROR:process_memory_win.cc(73)] ReadMemory at 0x47759c8 of 72 bytes failed: 仅完成部分的 ReadProcessMemory 或 WriteProcessMemory 请求。 (0x12B)
[0723/153810.943:ERROR:process_memory_win.cc(73)] ReadMemory at 0x4775a78 of 72 bytes failed: 仅完成部分的 ReadProcessMemory 或 WriteProcessMemory 请求。 (0x12B)
[0723/153810.943:ERROR:process_memory_win.cc(73)] ReadMemory at 0x4775bd8 of 72 bytes failed: 仅完成部分的 ReadProcessMemory 或 WriteProcessMemory 请求。 (0x12B)
[0723/153810.943:ERROR:process_memory_win.cc(73)] ReadMemory at 0x4775c88 of 72 bytes failed: 仅完成部分的 ReadProcessMemory 或 WriteProcessMemory 请求。 (0x12B)
[0723/153810.944:ERROR:process_memory_win.cc(73)] ReadMemory at 0x4775d38 of 72 bytes failed: 仅完成部分的 ReadProcessMemory 或 WriteProcessMemory 请求。 (0x12B)
[0723/153810.944:ERROR:process_memory_win.cc(73)] ReadMemory at 0x4775de8 of 72 bytes failed: 仅完成部分的 ReadProcessMemory 或 WriteProcessMemory 请求。 (0x12B)
[0723/153810.944:ERROR:process_memory_win.cc(73)] ReadMemory at 0x4777e70 of 62 bytes failed: 仅完成部分的 ReadProcessMemory 或 WriteProcessMemory 请求。 (0x12B)
[0723/153810.944:ERROR:process_memory_win.cc(73)] ReadMemory at 0x4777f48 of 60 bytes failed: 仅完成部分的 ReadProcessMemory 或 WriteProcessMemory 请求。 (0x12B)
[0723/153810.944:ERROR:process_memory_win.cc(73)] ReadMemory at 0x4777fd8 of 62 bytes failed: 仅完成部分的 ReadProcessMemory 或 WriteProcessMemory 请求。 (0x12B)
[0723/153810.944:ERROR:process_memory_win.cc(73)] ReadMemory at 0x47780b0 of 62 bytes failed: 仅完成部分的 ReadProcessMemory 或 WriteProcessMemory 请求。 (0x12B)
[0723/153810.944:ERROR:process_memory_win.cc(73)] ReadMemory at 0x47785c0 of 60 bytes failed: 仅完成部分的 ReadProcessMemory 或 WriteProcessMemory 请求。 (0x12B)
[0723/153810.944:ERROR:process_memory_win.cc(73)] ReadMemory at 0x4778728 of 58 bytes failed: 仅完成部分的 ReadProcessMemory 或 WriteProcessMemory 请求。 (0x12B)
[0723/153810.944:ERROR:process_memory_win.cc(73)] ReadMemory at 0x4782e50 of 512 bytes failed: 仅完成部分的 ReadProcessMemory 或 WriteProcessMemory 请求。 (0x12B)
[0723/153810.944:ERROR:process_memory_win.cc(73)] ReadMemory at 0x4783938 of 512 bytes failed: 仅完成部分的 ReadProcessMemory 或 WriteProcessMemory 请求。 (0x12B)
[0723/153810.944:ERROR:process_memory_win.cc(73)] ReadMemory at 0x501e9d0 of 528 bytes failed: 仅完成部分的 ReadProcessMemory 或 WriteProcessMemory 请求。 (0x12B)
[0723/153810.945:ERROR:process_memory_win.cc(73)] ReadMemory at 0x5034a38 of 612 bytes failed: 仅完成部分的 ReadProcessMemory 或 WriteProcessMemory 请求。 (0x12B)
[0723/153810.945:ERROR:process_memory_win.cc(73)] ReadMemory at 0x5051ec0 of 512 bytes failed: 仅完成部分的 ReadProcessMemory 或 WriteProcessMemory 请求。 (0x12B)
[0723/153810.945:ERROR:process_memory_win.cc(73)] ReadMemory at 0x199cad85 of 539 bytes failed: 仅完成部分的 ReadProcessMemory 或 WriteProcessMemory 请求。 (0x12B)
[0723/153810.945:ERROR:process_memory_win.cc(73)] ReadMemory at 0x2c4fce6b of 512 bytes failed: 仅完成部分的 ReadProcessMemory 或 WriteProcessMemory 请求。 (0x12B)
[0723/153810.945:ERROR:process_memory_win.cc(73)] ReadMemory at 0x2ef00f59 of 512 bytes failed: 仅完成部分的 ReadProcessMemory 或 WriteProcessMemory 请求。 (0x12B)
[0723/153810.951:ERROR:scoped_process_suspend.cc(40)] NtResumeProcess: 已尝试访问正在退出的过程。 (0xc000010a)
